{"contracts/Raffle.sol":{"l":{"65":3,"66":3,"67":3,"68":3,"69":3,"70":3,"71":3,"72":3,"77":5,"78":1,"80":4,"81":1,"83":3,"85":3,"108":1,"109":1,"110":1,"111":1,"112":1,"118":1,"119":1,"120":0,"126":1,"127":1,"135":1,"145":0,"146":0,"147":0,"148":0,"149":0,"150":0,"151":0,"153":0,"154":0,"156":0,"161":5,"165":1,"169":0,"173":1,"177":0,"181":0,"185":0,"189":0,"193":5},"path":"/home/fbaqueriza/hh-fcc/hardhat-smartcontract-lottery-fcc/contracts/Raffle.sol","s":{"1":5,"2":4,"3":3,"4":3,"5":1,"6":1,"7":1,"8":1,"9":1,"10":1,"11":1,"12":1,"13":0,"14":0,"15":0,"16":0,"17":0,"18":5,"19":1,"20":0,"21":1,"22":0,"23":0,"24":0,"25":0,"26":5},"b":{"1":[1,4],"2":[1,3],"3":[0,1],"4":[0,0]},"f":{"1":3,"2":5,"3":1,"4":1,"5":0,"6":5,"7":1,"8":0,"9":1,"10":0,"11":0,"12":0,"13":0,"14":5},"fnMap":{"1":{"name":"constructor","line":64,"loc":{"start":{"line":57,"column":4},"end":{"line":73,"column":4}}},"2":{"name":"enterRaffle","line":75,"loc":{"start":{"line":75,"column":4},"end":{"line":86,"column":4}}},"3":{"name":"checkUpkeep","line":97,"loc":{"start":{"line":97,"column":4},"end":{"line":113,"column":4}}},"4":{"name":"performUpkeep","line":115,"loc":{"start":{"line":115,"column":4},"end":{"line":136,"column":4}}},"5":{"name":"fulfillRandomWords","line":138,"loc":{"start":{"line":138,"column":4},"end":{"line":157,"column":4}}},"6":{"name":"getEntranceFee","line":160,"loc":{"start":{"line":160,"column":4},"end":{"line":162,"column":4}}},"7":{"name":"getPlayers","line":164,"loc":{"start":{"line":164,"column":4},"end":{"line":166,"column":4}}},"8":{"name":"getRecentWinner","line":168,"loc":{"start":{"line":168,"column":4},"end":{"line":170,"column":4}}},"9":{"name":"getRaffleState","line":172,"loc":{"start":{"line":172,"column":4},"end":{"line":174,"column":4}}},"10":{"name":"getNumWords","line":176,"loc":{"start":{"line":176,"column":4},"end":{"line":178,"column":4}}},"11":{"name":"getNumberOfPlayers","line":180,"loc":{"start":{"line":180,"column":4},"end":{"line":182,"column":4}}},"12":{"name":"getLatestTimeStamp","line":184,"loc":{"start":{"line":184,"column":4},"end":{"line":186,"column":4}}},"13":{"name":"getRequestConfirmations","line":188,"loc":{"start":{"line":188,"column":4},"end":{"line":190,"column":4}}},"14":{"name":"getInterval","line":192,"loc":{"start":{"line":192,"column":4},"end":{"line":194,"column":4}}}},"statementMap":{"1":{"start":{"line":77,"column":8},"end":{"line":77,"column":2564}},"2":{"start":{"line":80,"column":8},"end":{"line":80,"column":2665}},"3":{"start":{"line":83,"column":8},"end":{"line":83,"column":42}},"4":{"start":{"line":85,"column":8},"end":{"line":85,"column":36}},"5":{"start":{"line":108,"column":8},"end":{"line":108,"column":57}},"6":{"start":{"line":109,"column":8},"end":{"line":109,"column":76}},"7":{"start":{"line":110,"column":8},"end":{"line":110,"column":48}},"8":{"start":{"line":111,"column":8},"end":{"line":111,"column":51}},"9":{"start":{"line":118,"column":8},"end":{"line":118,"column":47}},"10":{"start":{"line":119,"column":8},"end":{"line":119,"column":3890}},"11":{"start":{"line":127,"column":8},"end":{"line":127,"column":4150}},"12":{"start":{"line":135,"column":8},"end":{"line":135,"column":45}},"13":{"start":{"line":145,"column":8},"end":{"line":145,"column":65}},"14":{"start":{"line":146,"column":8},"end":{"line":146,"column":63}},"15":{"start":{"line":151,"column":8},"end":{"line":151,"column":78}},"16":{"start":{"line":153,"column":8},"end":{"line":153,"column":5083}},"17":{"start":{"line":156,"column":8},"end":{"line":156,"column":39}},"18":{"start":{"line":161,"column":8},"end":{"line":161,"column":28}},"19":{"start":{"line":165,"column":8},"end":{"line":165,"column":31}},"20":{"start":{"line":169,"column":8},"end":{"line":169,"column":29}},"21":{"start":{"line":173,"column":8},"end":{"line":173,"column":28}},"22":{"start":{"line":177,"column":8},"end":{"line":177,"column":24}},"23":{"start":{"line":181,"column":8},"end":{"line":181,"column":31}},"24":{"start":{"line":185,"column":8},"end":{"line":185,"column":30}},"25":{"start":{"line":189,"column":8},"end":{"line":189,"column":36}},"26":{"start":{"line":193,"column":8},"end":{"line":193,"column":25}}},"branchMap":{"1":{"line":77,"type":"if","locations":[{"start":{"line":77,"column":8},"end":{"line":77,"column":8}},{"start":{"line":77,"column":8},"end":{"line":77,"column":8}}]},"2":{"line":80,"type":"if","locations":[{"start":{"line":80,"column":8},"end":{"line":80,"column":8}},{"start":{"line":80,"column":8},"end":{"line":80,"column":8}}]},"3":{"line":119,"type":"if","locations":[{"start":{"line":119,"column":8},"end":{"line":119,"column":8}},{"start":{"line":119,"column":8},"end":{"line":119,"column":8}}]},"4":{"line":153,"type":"if","locations":[{"start":{"line":153,"column":8},"end":{"line":153,"column":8}},{"start":{"line":153,"column":8},"end":{"line":153,"column":8}}]}}},"contracts/test/VRFCoordinatorV2Mock.sol":{"l":{},"path":"/home/fbaqueriza/hh-fcc/hardhat-smartcontract-lottery-fcc/contracts/test/VRFCoordinatorV2Mock.sol","s":{},"b":{},"f":{},"fnMap":{},"statementMap":{},"branchMap":{}}}