TN:
SF:/home/fbaqueriza/hh-fcc/hardhat-smartcontract-lottery-fcc/contracts/Raffle.sol
FN:64,constructor
FN:75,enterRaffle
FN:97,checkUpkeep
FN:115,performUpkeep
FN:138,fulfillRandomWords
FN:160,getEntranceFee
FN:164,getPlayers
FN:168,getRecentWinner
FN:172,getRaffleState
FN:176,getNumWords
FN:180,getNumberOfPlayers
FN:184,getLatestTimeStamp
FN:188,getRequestConfirmations
FN:192,getInterval
FNF:14
FNH:8
FNDA:3,constructor
FNDA:5,enterRaffle
FNDA:1,checkUpkeep
FNDA:1,performUpkeep
FNDA:0,fulfillRandomWords
FNDA:5,getEntranceFee
FNDA:1,getPlayers
FNDA:0,getRecentWinner
FNDA:1,getRaffleState
FNDA:0,getNumWords
FNDA:0,getNumberOfPlayers
FNDA:0,getLatestTimeStamp
FNDA:0,getRequestConfirmations
FNDA:5,getInterval
DA:65,3
DA:66,3
DA:67,3
DA:68,3
DA:69,3
DA:70,3
DA:71,3
DA:72,3
DA:77,5
DA:78,1
DA:80,4
DA:81,1
DA:83,3
DA:85,3
DA:108,1
DA:109,1
DA:110,1
DA:111,1
DA:112,1
DA:118,1
DA:119,1
DA:120,0
DA:126,1
DA:127,1
DA:135,1
DA:145,0
DA:146,0
DA:147,0
DA:148,0
DA:149,0
DA:150,0
DA:151,0
DA:153,0
DA:154,0
DA:156,0
DA:161,5
DA:165,1
DA:169,0
DA:173,1
DA:177,0
DA:181,0
DA:185,0
DA:189,0
DA:193,5
LF:44
LH:28
BRDA:77,1,0,1
BRDA:77,1,1,4
BRDA:80,2,0,1
BRDA:80,2,1,3
BRDA:119,3,0,0
BRDA:119,3,1,1
BRDA:153,4,0,0
BRDA:153,4,1,0
BRF:8
BRH:5
end_of_record
TN:
SF:/home/fbaqueriza/hh-fcc/hardhat-smartcontract-lottery-fcc/contracts/test/VRFCoordinatorV2Mock.sol
FNF:0
FNH:0
LF:0
LH:0
BRF:0
BRH:0
end_of_record
